/oak/stanford/groups/russpold/users/nklevak/network_second_modeling/.venv/lib/python3.9/site-packages/urllib3/__init__.py:35: NotOpenSSLWarning: urllib3 v2 only supports OpenSSL 1.1.1+, currently the 'ssl' module is compiled with 'LibreSSL 3.2.1'. See: https://github.com/urllib3/urllib3/issues/3020
  warnings.warn(
Downloading https://templateflow.s3.amazonaws.com/tpl-MNI152NLin2009cAsym/tpl-MNI152NLin2009cAsym_res-02_desc-brain_mask.nii.gz
  0%|          | 0.00/29.6k [00:00<?, ?B/s]100%|██████████| 29.6k/29.6k [00:00<00:00, 440kB/s]
/oak/stanford/groups/russpold/users/nklevak/network_second_modeling/.venv/lib/python3.9/site-packages/fmralign/embeddings/parcellation.py:82: UserWarning: Overriding provided-default estimator parameters with provided masker parameters :
Parameter mask_strategy :
    Masker parameter background - overriding estimator parameter epi
Parameter smoothing_fwhm :
    Masker parameter None - overriding estimator parameter 4.0

  parcellation.fit(images_to_parcel)
/oak/stanford/groups/russpold/users/nklevak/network_second_modeling/.venv/lib/python3.9/site-packages/fmralign/alignment/utils.py:211: UserWarning: 
 Some parcels are more than 1000 voxels wide it can slow down alignment,especially optimal_transport :
 parcel 1 : 1612 voxels
 parcel 2 : 1848 voxels
 parcel 4 : 1337 voxels
 parcel 5 : 2297 voxels
 parcel 7 : 2700 voxels
 parcel 13 : 7025 voxels
 parcel 20 : 1136 voxels
 parcel 23 : 4650 voxels
 parcel 30 : 1217 voxels
 parcel 34 : 1126 voxels
 parcel 36 : 1433 voxels
 parcel 38 : 2514 voxels
 parcel 41 : 2117 voxels
 parcel 47 : 1253 voxels
 parcel 54 : 7018 voxels
 parcel 58 : 1786 voxels
 parcel 64 : 4991 voxels
 parcel 65 : 1542 voxels
 parcel 66 : 1180 voxels
 parcel 70 : 1563 voxels
 parcel 72 : 1235 voxels
 parcel 77 : 1675 voxels
 parcel 78 : 1207 voxels
 parcel 79 : 1624 voxels
 parcel 85 : 1428 voxels
 parcel 95 : 1454 voxels
 parcel 96 : 1684 voxels
 parcel 108 : 1029 voxels
 parcel 109 : 7602 voxels
 parcel 110 : 1090 voxels
 parcel 117 : 1130 voxels
 parcel 124 : 13114 voxels
 parcel 127 : 1388 voxels
 parcel 131 : 1346 voxels
 parcel 141 : 1490 voxels
 parcel 146 : 1024 voxels
 parcel 151 : 1610 voxels
 parcel 161 : 1183 voxels
 parcel 162 : 1951 voxels
 parcel 167 : 1147 voxels
 parcel 177 : 1426 voxels
 parcel 178 : 1573 voxels
 parcel 183 : 1020 voxels
 parcel 185 : 1046 voxels
 parcel 190 : 1086 voxels
 parcel 194 : 1317 voxels
 parcel 227 : 1400 voxels
 parcel 230 : 1528 voxels
 parcel 245 : 4798 voxels
 parcel 259 : 1648 voxels
 parcel 261 : 1125 voxels
 parcel 285 : 1338 voxels
 parcel 310 : 1028 voxels
 parcel 354 : 1103 voxels
 parcel 369 : 2092 voxels
 parcel 407 : 1057 voxels
 parcel 439 : 2235 voxels
 parcel 461 : 1533 voxels
 parcel 484 : 1252 voxels
 parcel 495 : 1082 voxels
  warnings.warn(warning)
/oak/stanford/groups/russpold/users/nklevak/network_second_modeling/.venv/lib/python3.9/site-packages/fmralign/metrics.py:62: ConstantInputWarning: An input array is constant; the correlation coefficient is not defined.
  pearsonr(X_gt[:, vox], X_pred[:, vox])[
/oak/stanford/groups/russpold/users/nklevak/network_second_modeling/prelim_discovery_analysis/20_hyperalignment_run.py:257: UserWarning: Non-finite values detected. These values will be replaced with zeros.
  baseline_display = plotting.plot_stat_map(
/oak/stanford/groups/russpold/users/nklevak/network_second_modeling/prelim_discovery_analysis/20_hyperalignment_run.py:261: UserWarning: Non-finite values detected. These values will be replaced with zeros.
  display = plotting.plot_stat_map(
