/oak/stanford/groups/russpold/users/nklevak/network_second_modeling/.venv/lib/python3.9/site-packages/urllib3/__init__.py:35: NotOpenSSLWarning: urllib3 v2 only supports OpenSSL 1.1.1+, currently the 'ssl' module is compiled with 'LibreSSL 3.2.1'. See: https://github.com/urllib3/urllib3/issues/3020
  warnings.warn(
Downloading https://templateflow.s3.amazonaws.com/tpl-MNI152NLin2009cAsym/tpl-MNI152NLin2009cAsym_res-02_label-GM_probseg.nii.gz
  0%|          | 0.00/1.04M [00:00<?, ?B/s]  7%|▋         | 71.7k/1.04M [00:00<00:01, 572kB/s] 35%|███▌      | 368k/1.04M [00:00<00:00, 1.60MB/s]100%|██████████| 1.04M/1.04M [00:00<00:00, 3.23MB/s]
/oak/stanford/groups/russpold/users/nklevak/network_second_modeling/.venv/lib/python3.9/site-packages/fmralign/embeddings/parcellation.py:82: UserWarning: Overriding provided-default estimator parameters with provided masker parameters :
Parameter mask_strategy :
    Masker parameter background - overriding estimator parameter epi
Parameter smoothing_fwhm :
    Masker parameter None - overriding estimator parameter 4.0

  parcellation.fit(images_to_parcel)
/oak/stanford/groups/russpold/users/nklevak/network_second_modeling/.venv/lib/python3.9/site-packages/sklearn/cluster/_agglomerative.py:325: UserWarning: the number of connected components of the connectivity matrix is 16 > 1. Completing it to avoid stopping the tree early.
  connectivity, n_connected_components = _fix_connectivity(
/oak/stanford/groups/russpold/users/nklevak/network_second_modeling/.venv/lib/python3.9/site-packages/fmralign/alignment/utils.py:211: UserWarning: 
 Some parcels are more than 1000 voxels wide it can slow down alignment,especially optimal_transport :
 parcel 2 : 1051 voxels
 parcel 8 : 1864 voxels
 parcel 10 : 1569 voxels
 parcel 14 : 1023 voxels
 parcel 18 : 3135 voxels
 parcel 21 : 1198 voxels
 parcel 22 : 1164 voxels
 parcel 27 : 1772 voxels
 parcel 35 : 3172 voxels
 parcel 43 : 1516 voxels
 parcel 49 : 2098 voxels
 parcel 51 : 1538 voxels
 parcel 56 : 1345 voxels
 parcel 60 : 1073 voxels
 parcel 69 : 2672 voxels
 parcel 89 : 1416 voxels
 parcel 90 : 1956 voxels
 parcel 95 : 1029 voxels
 parcel 96 : 1115 voxels
 parcel 102 : 1580 voxels
 parcel 108 : 1010 voxels
 parcel 113 : 1375 voxels
 parcel 117 : 1822 voxels
 parcel 121 : 1126 voxels
 parcel 122 : 1101 voxels
 parcel 133 : 1060 voxels
 parcel 153 : 1596 voxels
 parcel 165 : 1102 voxels
 parcel 168 : 1049 voxels
 parcel 184 : 1234 voxels
 parcel 187 : 1197 voxels
 parcel 188 : 1067 voxels
 parcel 193 : 1282 voxels
 parcel 194 : 1232 voxels
 parcel 201 : 1085 voxels
 parcel 206 : 1078 voxels
 parcel 213 : 1530 voxels
 parcel 215 : 1862 voxels
 parcel 237 : 1442 voxels
 parcel 284 : 1104 voxels
 parcel 303 : 1871 voxels
 parcel 314 : 1316 voxels
 parcel 339 : 1368 voxels
 parcel 351 : 1005 voxels
 parcel 398 : 1392 voxels
 parcel 486 : 2177 voxels
  warnings.warn(warning)
/oak/stanford/groups/russpold/users/nklevak/network_second_modeling/.venv/lib/python3.9/site-packages/fmralign/metrics.py:62: ConstantInputWarning: An input array is constant; the correlation coefficient is not defined.
  pearsonr(X_gt[:, vox], X_pred[:, vox])[
/oak/stanford/groups/russpold/users/nklevak/network_second_modeling/prelim_discovery_analysis/20_hyperalignment_run.py:267: UserWarning: Non-finite values detected. These values will be replaced with zeros.
  baseline_display = plotting.plot_stat_map(
/oak/stanford/groups/russpold/users/nklevak/network_second_modeling/prelim_discovery_analysis/20_hyperalignment_run.py:273: UserWarning: Non-finite values detected. These values will be replaced with zeros.
  display = plotting.plot_stat_map(
