  sub-s03 | nBack | twoBack-oneBack: 5 encounters
  sub-s10 | nBack | twoBack-oneBack: 5 encounters
  sub-s19 | nBack | twoBack-oneBack: 5 encounters
  sub-s29 | nBack | twoBack-oneBack: 5 encounters
  sub-s43 | nBack | twoBack-oneBack: 5 encounters
  sub-s03 | nBack | match-mismatch: 5 encounters
  sub-s10 | nBack | match-mismatch: 5 encounters
  sub-s19 | nBack | match-mismatch: 5 encounters
  sub-s29 | nBack | match-mismatch: 5 encounters
  sub-s43 | nBack | match-mismatch: 5 encounters
  sub-s03 | nBack | task-baseline: 5 encounters
  sub-s10 | nBack | task-baseline: 5 encounters
  sub-s19 | nBack | task-baseline: 5 encounters
  sub-s29 | nBack | task-baseline: 5 encounters
  sub-s43 | nBack | task-baseline: 5 encounters
  sub-s03 | nBack | response_time: 5 encounters
  sub-s10 | nBack | response_time: 5 encounters
  sub-s19 | nBack | response_time: 5 encounters
  sub-s29 | nBack | response_time: 5 encounters
  sub-s43 | nBack | response_time: 5 encounters
  sub-s03 | flanker | incongruent-congruent: 5 encounters
  sub-s10 | flanker | incongruent-congruent: 5 encounters
  sub-s19 | flanker | incongruent-congruent: 5 encounters
  sub-s29 | flanker | incongruent-congruent: 5 encounters
  sub-s43 | flanker | incongruent-congruent: 5 encounters
  sub-s03 | flanker | task-baseline: 5 encounters
  sub-s10 | flanker | task-baseline: 5 encounters
  sub-s19 | flanker | task-baseline: 5 encounters
  sub-s29 | flanker | task-baseline: 5 encounters
  sub-s43 | flanker | task-baseline: 5 encounters
  sub-s03 | directedForgetting | neg-con: 5 encounters
  sub-s10 | directedForgetting | neg-con: 5 encounters
  sub-s19 | directedForgetting | neg-con: 5 encounters
  sub-s29 | directedForgetting | neg-con: 5 encounters
  sub-s43 | directedForgetting | neg-con: 5 encounters
  sub-s03 | directedForgetting | task-baseline: 5 encounters
  sub-s10 | directedForgetting | task-baseline: 5 encounters
  sub-s19 | directedForgetting | task-baseline: 5 encounters
  sub-s29 | directedForgetting | task-baseline: 5 encounters
  sub-s43 | directedForgetting | task-baseline: 5 encounters
  sub-s03 | directedForgetting | response_time: 5 encounters
  sub-s10 | directedForgetting | response_time: 5 encounters
  sub-s19 | directedForgetting | response_time: 5 encounters
  sub-s29 | directedForgetting | response_time: 5 encounters
  sub-s43 | directedForgetting | response_time: 5 encounters
  sub-s03 | goNogo | nogo_success-go: 5 encounters
  sub-s10 | goNogo | nogo_success-go: 5 encounters
  sub-s19 | goNogo | nogo_success-go: 4 encounters
  sub-s29 | goNogo | nogo_success-go: 4 encounters
  sub-s43 | goNogo | nogo_success-go: 4 encounters
  sub-s03 | goNogo | nogo_success: 5 encounters
  sub-s10 | goNogo | nogo_success: 5 encounters
  sub-s19 | goNogo | nogo_success: 4 encounters
  sub-s29 | goNogo | nogo_success: 4 encounters
  sub-s43 | goNogo | nogo_success: 4 encounters
  sub-s03 | goNogo | task-baseline: 5 encounters
  sub-s10 | goNogo | task-baseline: 5 encounters
  sub-s19 | goNogo | task-baseline: 4 encounters
  sub-s29 | goNogo | task-baseline: 4 encounters
  sub-s43 | goNogo | task-baseline: 4 encounters
  MISSING: sub-s03 | goNogo | response_time
  MISSING: sub-s10 | goNogo | response_time
  MISSING: sub-s19 | goNogo | response_time
  MISSING: sub-s29 | goNogo | response_time
  MISSING: sub-s43 | goNogo | response_time
  sub-s03 | shapeMatching | DDD: 5 encounters
  sub-s10 | shapeMatching | DDD: 4 encounters
  sub-s19 | shapeMatching | DDD: 5 encounters
  sub-s29 | shapeMatching | DDD: 5 encounters
  sub-s43 | shapeMatching | DDD: 5 encounters
  sub-s03 | shapeMatching | DDS: 5 encounters
  sub-s10 | shapeMatching | DDS: 4 encounters
  sub-s19 | shapeMatching | DDS: 5 encounters
  sub-s29 | shapeMatching | DDS: 5 encounters
  sub-s43 | shapeMatching | DDS: 5 encounters
  sub-s03 | shapeMatching | DNN: 5 encounters
  sub-s10 | shapeMatching | DNN: 4 encounters
  sub-s19 | shapeMatching | DNN: 5 encounters
  sub-s29 | shapeMatching | DNN: 5 encounters
  sub-s43 | shapeMatching | DNN: 5 encounters
  sub-s03 | shapeMatching | DSD: 5 encounters
  sub-s10 | shapeMatching | DSD: 4 encounters
  sub-s19 | shapeMatching | DSD: 5 encounters
  sub-s29 | shapeMatching | DSD: 5 encounters
  sub-s43 | shapeMatching | DSD: 5 encounters
  sub-s03 | shapeMatching | main_vars: 5 encounters
  sub-s10 | shapeMatching | main_vars: 4 encounters
  sub-s19 | shapeMatching | main_vars: 5 encounters
  sub-s29 | shapeMatching | main_vars: 5 encounters
  sub-s43 | shapeMatching | main_vars: 5 encounters
  sub-s03 | shapeMatching | SDD: 5 encounters
  sub-s10 | shapeMatching | SDD: 4 encounters
  sub-s19 | shapeMatching | SDD: 5 encounters
  sub-s29 | shapeMatching | SDD: 5 encounters
  sub-s43 | shapeMatching | SDD: 5 encounters
  sub-s03 | shapeMatching | SNN: 5 encounters
  sub-s10 | shapeMatching | SNN: 4 encounters
  sub-s19 | shapeMatching | SNN: 5 encounters
  sub-s29 | shapeMatching | SNN: 5 encounters
  sub-s43 | shapeMatching | SNN: 5 encounters
  sub-s03 | shapeMatching | SSS: 5 encounters
  sub-s10 | shapeMatching | SSS: 4 encounters
  sub-s19 | shapeMatching | SSS: 5 encounters
  sub-s29 | shapeMatching | SSS: 5 encounters
  sub-s43 | shapeMatching | SSS: 5 encounters
  sub-s03 | shapeMatching | task-baseline: 5 encounters
  sub-s10 | shapeMatching | task-baseline: 4 encounters
  sub-s19 | shapeMatching | task-baseline: 5 encounters
  sub-s29 | shapeMatching | task-baseline: 5 encounters
  sub-s43 | shapeMatching | task-baseline: 5 encounters
  sub-s03 | shapeMatching | response_time: 5 encounters
  sub-s10 | shapeMatching | response_time: 4 encounters
  sub-s19 | shapeMatching | response_time: 5 encounters
  sub-s29 | shapeMatching | response_time: 5 encounters
  sub-s43 | shapeMatching | response_time: 5 encounters
  sub-s03 | stopSignal | go: 5 encounters
  sub-s10 | stopSignal | go: 5 encounters
  sub-s19 | stopSignal | go: 5 encounters
  sub-s29 | stopSignal | go: 5 encounters
  sub-s43 | stopSignal | go: 5 encounters
  sub-s03 | stopSignal | stop_failure-go: 5 encounters
  sub-s10 | stopSignal | stop_failure-go: 5 encounters
  sub-s19 | stopSignal | stop_failure-go: 5 encounters
  sub-s29 | stopSignal | stop_failure-go: 5 encounters
  sub-s43 | stopSignal | stop_failure-go: 5 encounters
  sub-s03 | stopSignal | stop_failure: 5 encounters
  sub-s10 | stopSignal | stop_failure: 5 encounters
  sub-s19 | stopSignal | stop_failure: 5 encounters
  sub-s29 | stopSignal | stop_failure: 5 encounters
  sub-s43 | stopSignal | stop_failure: 5 encounters
  sub-s03 | stopSignal | stop_failure-stop_success: 5 encounters
  sub-s10 | stopSignal | stop_failure-stop_success: 5 encounters
  sub-s19 | stopSignal | stop_failure-stop_success: 5 encounters
  sub-s29 | stopSignal | stop_failure-stop_success: 5 encounters
  sub-s43 | stopSignal | stop_failure-stop_success: 5 encounters
  sub-s03 | stopSignal | stop_success-go: 5 encounters
  sub-s10 | stopSignal | stop_success-go: 5 encounters
  sub-s19 | stopSignal | stop_success-go: 5 encounters
  sub-s29 | stopSignal | stop_success-go: 5 encounters
  sub-s43 | stopSignal | stop_success-go: 5 encounters
  sub-s03 | stopSignal | stop_success: 5 encounters
  sub-s10 | stopSignal | stop_success: 5 encounters
  sub-s19 | stopSignal | stop_success: 5 encounters
  sub-s29 | stopSignal | stop_success: 5 encounters
  sub-s43 | stopSignal | stop_success: 5 encounters
  sub-s03 | stopSignal | stop_success-stop_failure: 5 encounters
  sub-s10 | stopSignal | stop_success-stop_failure: 5 encounters
  sub-s19 | stopSignal | stop_success-stop_failure: 5 encounters
  sub-s29 | stopSignal | stop_success-stop_failure: 5 encounters
  sub-s43 | stopSignal | stop_success-stop_failure: 5 encounters
  sub-s03 | stopSignal | task-baseline: 5 encounters
  sub-s10 | stopSignal | task-baseline: 5 encounters
  sub-s19 | stopSignal | task-baseline: 5 encounters
  sub-s29 | stopSignal | task-baseline: 5 encounters
  sub-s43 | stopSignal | task-baseline: 5 encounters
  MISSING: sub-s03 | stopSignal | response_time
  MISSING: sub-s10 | stopSignal | response_time
  MISSING: sub-s19 | stopSignal | response_time
  MISSING: sub-s29 | stopSignal | response_time
  MISSING: sub-s43 | stopSignal | response_time
  sub-s03 | cuedTS | cue_switch_cost: 5 encounters
  sub-s10 | cuedTS | cue_switch_cost: 4 encounters
  sub-s19 | cuedTS | cue_switch_cost: 5 encounters
  sub-s29 | cuedTS | cue_switch_cost: 4 encounters
  sub-s43 | cuedTS | cue_switch_cost: 5 encounters
  sub-s03 | cuedTS | task_switch_cost: 5 encounters
  sub-s10 | cuedTS | task_switch_cost: 4 encounters
  sub-s19 | cuedTS | task_switch_cost: 5 encounters
  sub-s29 | cuedTS | task_switch_cost: 4 encounters
  sub-s43 | cuedTS | task_switch_cost: 5 encounters
  sub-s03 | cuedTS | task_switch_cue_switch-task_stay_cue_stay: 5 encounters
  sub-s10 | cuedTS | task_switch_cue_switch-task_stay_cue_stay: 4 encounters
  sub-s19 | cuedTS | task_switch_cue_switch-task_stay_cue_stay: 5 encounters
  sub-s29 | cuedTS | task_switch_cue_switch-task_stay_cue_stay: 4 encounters
  sub-s43 | cuedTS | task_switch_cue_switch-task_stay_cue_stay: 5 encounters
  sub-s03 | cuedTS | task-baseline: 5 encounters
  sub-s10 | cuedTS | task-baseline: 4 encounters
  sub-s19 | cuedTS | task-baseline: 5 encounters
  sub-s29 | cuedTS | task-baseline: 4 encounters
  sub-s43 | cuedTS | task-baseline: 5 encounters
  sub-s03 | cuedTS | response_time: 5 encounters
  sub-s10 | cuedTS | response_time: 4 encounters
  sub-s19 | cuedTS | response_time: 5 encounters
  sub-s29 | cuedTS | response_time: 4 encounters
  sub-s43 | cuedTS | response_time: 5 encounters
  sub-s03 | spatialTS | cue_switch_cost: 5 encounters
  sub-s10 | spatialTS | cue_switch_cost: 5 encounters
  sub-s19 | spatialTS | cue_switch_cost: 5 encounters
  sub-s29 | spatialTS | cue_switch_cost: 5 encounters
  sub-s43 | spatialTS | cue_switch_cost: 5 encounters
  sub-s03 | spatialTS | task_switch_cost: 5 encounters
  sub-s10 | spatialTS | task_switch_cost: 5 encounters
  sub-s19 | spatialTS | task_switch_cost: 5 encounters
  sub-s29 | spatialTS | task_switch_cost: 5 encounters
  sub-s43 | spatialTS | task_switch_cost: 5 encounters
  sub-s03 | spatialTS | task_switch_cue_switch-task_stay_cue_stay: 5 encounters
  sub-s10 | spatialTS | task_switch_cue_switch-task_stay_cue_stay: 5 encounters
  sub-s19 | spatialTS | task_switch_cue_switch-task_stay_cue_stay: 5 encounters
  sub-s29 | spatialTS | task_switch_cue_switch-task_stay_cue_stay: 5 encounters
  sub-s43 | spatialTS | task_switch_cue_switch-task_stay_cue_stay: 5 encounters
  sub-s03 | spatialTS | task-baseline: 5 encounters
  sub-s10 | spatialTS | task-baseline: 5 encounters
  sub-s19 | spatialTS | task-baseline: 5 encounters
  sub-s29 | spatialTS | task-baseline: 5 encounters
  sub-s43 | spatialTS | task-baseline: 5 encounters
  sub-s03 | spatialTS | response_time: 5 encounters
  sub-s10 | spatialTS | response_time: 5 encounters
  sub-s19 | spatialTS | response_time: 5 encounters
  sub-s29 | spatialTS | response_time: 5 encounters
  sub-s43 | spatialTS | response_time: 5 encounters
Shared (task, contrast, encounter) tuples across all subjects: 159
Saved score NIfTIs to /oak/stanford/groups/russpold/users/nklevak/network_second_modeling/prelim_discovery_analysis/hyperalignment_fmralign_results/discovery_sample/ward_500pieces
Saved plots to /oak/stanford/groups/russpold/users/nklevak/network_second_modeling/prelim_discovery_analysis/hyperalignment_fmralign_results/discovery_sample/ward_500pieces
Saved alignment estimators to /oak/stanford/groups/russpold/users/nklevak/network_second_modeling/prelim_discovery_analysis/hyperalignment_fmralign_results/discovery_sample/ward_500pieces
